WRN: Decree 'armorer' top value rewards cannot be matched with equivalent objectives. This will result in uneven bounties. Consider adding more high value objectives or lowering the value of your rewards.
* Top Rewards: armorer_rews.nether_chest (48000.0), armorer_rews.nether_legs (42000.0) total up to: 90000.0
* Top Objs: _all_objs.c (32000.0) total up to: 32000.0
WRN: Decree 'butcher' top value rewards cannot be matched with equivalent objectives. This will result in uneven bounties. Consider adding more high value objectives or lowering the value of your rewards.
* Top Rewards: _all_rews.c (32000.0), _all_rews.b (19200.0) total up to: 51200.0
* Top Objs: _all_objs.c (32000.0) total up to: 32000.0
WRN: Decree 'cleric' top value rewards cannot be matched with equivalent objectives. This will result in uneven bounties. Consider adding more high value objectives or lowering the value of your rewards.
* Top Rewards: _all_rews.c (32000.0), _all_rews.b (19200.0) total up to: 51200.0
* Top Objs: _all_objs.c (32000.0) total up to: 32000.0
WRN: Decree 'farmer' top value rewards cannot be matched with equivalent objectives. This will result in uneven bounties. Consider adding more high value objectives or lowering the value of your rewards.
* Top Rewards: _all_rews.c (32000.0), _all_rews.b (19200.0) total up to: 51200.0
* Top Objs: _all_objs.c (32000.0) total up to: 32000.0
WRN: Decree 'fisherman' top value rewards cannot be matched with equivalent objectives. This will result in uneven bounties. Consider adding more high value objectives or lowering the value of your rewards.
* Top Rewards: _all_rews.c (32000.0), _all_rews.b (19200.0) total up to: 51200.0
* Top Objs: _all_objs.c (32000.0) total up to: 32000.0
WRN: Decree 'fletcher' top value rewards cannot be matched with equivalent objectives. This will result in uneven bounties. Consider adding more high value objectives or lowering the value of your rewards.
* Top Rewards: _all_rews.c (32000.0), _all_rews.b (19200.0) total up to: 51200.0
* Top Objs: _all_objs.c (32000.0) total up to: 32000.0
WRN: Decree 'inventor' top value rewards cannot be matched with equivalent objectives. This will result in uneven bounties. Consider adding more high value objectives or lowering the value of your rewards.
* Top Rewards: _all_rews.c (32000.0), _all_rews.b (19200.0) total up to: 51200.0
* Top Objs: _all_objs.c (32000.0) total up to: 32000.0
WRN: Decree 'leatherer' top value rewards cannot be matched with equivalent objectives. This will result in uneven bounties. Consider adding more high value objectives or lowering the value of your rewards.
* Top Rewards: _all_rews.c (32000.0), _all_rews.b (19200.0) total up to: 51200.0
* Top Objs: _all_objs.c (32000.0) total up to: 32000.0
WRN: Decree 'librarian' top value rewards cannot be matched with equivalent objectives. This will result in uneven bounties. Consider adding more high value objectives or lowering the value of your rewards.
* Top Rewards: _all_rews.c (32000.0), _all_rews.b (19200.0) total up to: 51200.0
* Top Objs: _all_objs.c (32000.0) total up to: 32000.0
WRN: Decree 'mapper' top value rewards cannot be matched with equivalent objectives. This will result in uneven bounties. Consider adding more high value objectives or lowering the value of your rewards.
* Top Rewards: _all_rews.c (32000.0), _all_rews.b (19200.0) total up to: 51200.0
* Top Objs: _all_objs.c (32000.0) total up to: 32000.0
WRN: Decree 'shepherd' top value rewards cannot be matched with equivalent objectives. This will result in uneven bounties. Consider adding more high value objectives or lowering the value of your rewards.
* Top Rewards: _all_rews.c (32000.0), _all_rews.b (19200.0) total up to: 51200.0
* Top Objs: _all_objs.c (32000.0) total up to: 32000.0
WRN: Decree 'toolsmith' top value rewards cannot be matched with equivalent objectives. This will result in uneven bounties. Consider adding more high value objectives or lowering the value of your rewards.
* Top Rewards: _all_rews.c (32000.0), _all_rews.b (19200.0) total up to: 51200.0
* Top Objs: _all_objs.c (32000.0) total up to: 32000.0
